2021-02-05_07-12-18 [restartedMain] INFO  c.c.a.AuthorizatiionMicroserviceApplication - Starting AuthorizatiionMicroserviceApplication using Java 11.0.3 on PCIN512543 with PID 12532 (C:\Users\877998\Desktop\workspace\Authorizatiion-Microservice\target\classes started by 877998 in C:\Users\877998\Desktop\workspace\Authorizatiion-Microservice)
2021-02-05_07-12-18 [restartedMain] INFO  c.c.a.AuthorizatiionMicroserviceApplication - No active profile set, falling back to default profiles: default
2021-02-05_07-12-18 [restartedMain] INFO  o.s.b.d.e.DevToolsPropertyDefaultsPostProcessor - Devtools property defaults active! Set 'spring.devtools.add-properties' to 'false' to disable
2021-02-05_07-12-18 [restartedMain] INFO  o.s.b.d.e.DevToolsPropertyDefaultsPostProcessor - For additional web related logging consider setting the 'logging.level.web' property to 'DEBUG'
2021-02-05_07-12-18 [restartedMain] INFO  o.s.d.r.c.RepositoryConfigurationDelegate - Bootstrapping Spring Data JPA repositories in DEFAULT mode.
2021-02-05_07-12-18 [restartedMain] INFO  o.s.d.r.c.RepositoryConfigurationDelegate - Finished Spring Data repository scanning in 208 ms. Found 1 JPA repository interfaces.
2021-02-05_07-12-18 [restartedMain] INFO  o.s.cloud.context.scope.GenericScope - BeanFactory id=dadc5fcd-68cb-3f9e-b05a-00bb3cb6cb42
2021-02-05_07-12-18 [restartedMain] INFO  o.s.c.s.PostProcessorRegistrationDelegate$BeanPostProcessorChecker - Bean 'org.springframework.security.access.expression.method.DefaultMethodSecurityExpressionHandler@7b0a09e3' of type [org.springframework.security.access.expression.method.DefaultMethodSecurityExpressionHandler] is not eligible for getting processed by all BeanPostProcessors (for example: not eligible for auto-proxying)
2021-02-05_07-12-18 [restartedMain] INFO  o.s.c.s.PostProcessorRegistrationDelegate$BeanPostProcessorChecker - Bean 'methodSecurityMetadataSource' of type [org.springframework.security.access.method.DelegatingMethodSecurityMetadataSource] is not eligible for getting processed by all BeanPostProcessors (for example: not eligible for auto-proxying)
2021-02-05_07-12-18 [restartedMain] INFO  o.s.b.w.e.tomcat.TomcatWebServer - Tomcat initialized with port(s): 8400 (http)
2021-02-05_07-12-18 [restartedMain] INFO  o.a.coyote.http11.Http11NioProtocol - Initializing ProtocolHandler ["http-nio-8400"]
2021-02-05_07-12-18 [restartedMain] INFO  o.a.catalina.core.StandardService - Starting service [Tomcat]
2021-02-05_07-12-18 [restartedMain] INFO  o.a.catalina.core.StandardEngine - Starting Servlet engine: [Apache Tomcat/9.0.41]
2021-02-05_07-12-18 [restartedMain] INFO  o.a.c.c.C.[Tomcat].[localhost].[/] - Initializing Spring embedded WebApplicationContext
2021-02-05_07-12-18 [restartedMain] INFO  o.s.b.w.s.c.ServletWebServerApplicationContext - Root WebApplicationContext: initialization completed in 10937 ms
2021-02-05_07-12-18 [restartedMain] INFO  com.zaxxer.hikari.HikariDataSource - HikariPool-1 - Starting...
2021-02-05_07-12-18 [restartedMain] INFO  com.zaxxer.hikari.HikariDataSource - HikariPool-1 - Start completed.
2021-02-05_07-12-18 [restartedMain] INFO  o.s.b.a.h.H2ConsoleAutoConfiguration - H2 console available at '/db'. Database available at 'jdbc:h2:mem:testdb'
2021-02-05_07-12-18 [restartedMain] INFO  o.h.jpa.internal.util.LogHelper - HHH000204: Processing PersistenceUnitInfo [name: default]
2021-02-05_07-12-18 [restartedMain] INFO  org.hibernate.Version - HHH000412: Hibernate ORM core version 5.4.27.Final
2021-02-05_07-12-18 [restartedMain] INFO  o.h.annotations.common.Version - HCANN000001: Hibernate Commons Annotations {5.1.2.Final}
2021-02-05_07-12-18 [restartedMain] INFO  org.hibernate.dialect.Dialect - HHH000400: Using dialect: org.hibernate.dialect.H2Dialect
2021-02-05_07-12-18 [restartedMain] INFO  o.h.e.t.j.p.i.JtaPlatformInitiator - HHH000490: Using JtaPlatform implementation: [org.hibernate.engine.transaction.jta.platform.internal.NoJtaPlatform]
2021-02-05_07-12-18 [restartedMain] INFO  o.s.o.j.LocalContainerEntityManagerFactoryBean - Initialized JPA EntityManagerFactory for persistence unit 'default'
2021-02-05_07-12-18 [restartedMain] INFO  s.d.s.w.PropertySourcedRequestMappingHandlerMapping - Mapped URL path [/v2/api-docs] onto method [springfox.documentation.swagger2.web.Swagger2Controller#getDocumentation(String, HttpServletRequest)]
2021-02-05_07-12-18 [restartedMain] INFO  o.s.s.web.DefaultSecurityFilterChain - Will secure any request with [org.springframework.security.web.context.request.async.WebAsyncManagerIntegrationFilter@4910c572, org.springframework.security.web.context.SecurityContextPersistenceFilter@4c5cfd31, org.springframework.security.web.header.HeaderWriterFilter@74ed6a4f, org.springframework.security.web.authentication.logout.LogoutFilter@5868a7e7, com.cts.authorization.config.JwtRequestFilter@4ff80c0e, org.springframework.security.web.savedrequest.RequestCacheAwareFilter@1e9bc5bc, org.springframework.security.web.servletapi.SecurityContextHolderAwareRequestFilter@23ce1d18, org.springframework.security.web.authentication.AnonymousAuthenticationFilter@35d41a0d, org.springframework.security.web.session.SessionManagementFilter@363db0ac, org.springframework.security.web.access.ExceptionTranslationFilter@5a1cbab4, org.springframework.security.web.access.intercept.FilterSecurityInterceptor@75f1a64f]
2021-02-05_07-12-18 [restartedMain] INFO  o.s.s.c.ThreadPoolTaskExecutor - Initializing ExecutorService 'applicationTaskExecutor'
2021-02-05_07-12-18 [restartedMain] INFO  o.a.coyote.http11.Http11NioProtocol - Starting ProtocolHandler ["http-nio-8400"]
2021-02-05_07-12-18 [restartedMain] INFO  o.s.b.w.e.tomcat.TomcatWebServer - Tomcat started on port(s): 8400 (http) with context path ''
2021-02-05_07-12-18 [restartedMain] INFO  s.d.s.w.p.DocumentationPluginsBootstrapper - Context refreshed
2021-02-05_07-12-18 [restartedMain] INFO  s.d.s.w.p.DocumentationPluginsBootstrapper - Found 1 custom documentation plugin(s)
2021-02-05_07-12-18 [restartedMain] INFO  s.d.s.w.s.ApiListingReferenceScanner - Scanning for api listing references
2021-02-05_07-12-18 [restartedMain] INFO  c.c.a.AuthorizatiionMicroserviceApplication - Started AuthorizatiionMicroserviceApplication in 22.926 seconds (JVM running for 32.334)
2021-02-05_07-12-18 [http-nio-8400-exec-1] INFO  o.a.c.c.C.[Tomcat].[localhost].[/] - Initializing Spring DispatcherServlet 'dispatcherServlet'
2021-02-05_07-12-18 [http-nio-8400-exec-1] INFO  o.s.web.servlet.DispatcherServlet - Initializing Servlet 'dispatcherServlet'
2021-02-05_07-12-18 [http-nio-8400-exec-1] INFO  o.s.web.servlet.DispatcherServlet - Completed initialization in 1 ms
2021-02-05_07-12-18 [http-nio-8400-exec-1] INFO  c.c.a.service.JwtUserDetailsService - User found
2021-02-05_07-12-18 [http-nio-8400-exec-1] INFO  c.c.a.service.JwtUserDetailsService - User found
2021-02-05_07-12-18 [http-nio-8400-exec-2] INFO  c.c.a.service.JwtUserDetailsService - User found
2021-02-05_07-12-18 [http-nio-8400-exec-4] INFO  c.c.a.service.JwtUserDetailsService - User found
2021-02-05_07-12-18 [http-nio-8400-exec-3] INFO  c.c.a.service.JwtUserDetailsService - User found
2021-02-05_07-12-18 [http-nio-8400-exec-5] INFO  c.c.a.service.JwtUserDetailsService - User found
2021-02-05_07-12-18 [http-nio-8400-exec-6] INFO  c.c.a.service.JwtUserDetailsService - User found
2021-02-05_07-12-18 [http-nio-8400-exec-7] INFO  c.c.a.service.JwtUserDetailsService - User found
2021-02-05_07-12-18 [http-nio-8400-exec-8] INFO  c.c.a.service.JwtUserDetailsService - User found
2021-02-05_07-12-18 [http-nio-8400-exec-9] INFO  c.c.a.service.JwtUserDetailsService - User found
2021-02-05_07-12-18 [http-nio-8400-exec-10] INFO  c.c.a.service.JwtUserDetailsService - User found
2021-02-05_07-12-18 [http-nio-8400-exec-1] INFO  c.c.a.service.JwtUserDetailsService - User found
2021-02-05_07-12-18 [http-nio-8400-exec-2] INFO  c.c.a.service.JwtUserDetailsService - User found
2021-02-05_07-12-18 [http-nio-8400-exec-4] INFO  c.c.a.service.JwtUserDetailsService - User found
2021-02-05_07-12-18 [http-nio-8400-exec-3] INFO  c.c.a.service.JwtUserDetailsService - User found
2021-02-05_07-12-18 [http-nio-8400-exec-5] INFO  c.c.a.service.JwtUserDetailsService - User found
2021-02-05_07-12-18 [http-nio-8400-exec-6] INFO  c.c.a.service.JwtUserDetailsService - User found
2021-02-05_07-12-18 [http-nio-8400-exec-7] INFO  c.c.a.service.JwtUserDetailsService - User found
2021-02-05_07-12-18 [http-nio-8400-exec-8] INFO  c.c.a.service.JwtUserDetailsService - User found
2021-02-05_07-12-18 [http-nio-8400-exec-9] INFO  c.c.a.service.JwtUserDetailsService - User found
2021-02-05_07-12-18 [http-nio-8400-exec-1] INFO  c.c.a.service.JwtUserDetailsService - User found
2021-02-05_07-12-18 [http-nio-8400-exec-1] INFO  c.c.a.service.JwtUserDetailsService - User found
2021-02-05_07-12-18 [http-nio-8400-exec-3] INFO  c.c.a.service.JwtUserDetailsService - User found
2021-02-05_07-12-18 [http-nio-8400-exec-5] INFO  c.c.a.service.JwtUserDetailsService - User found
2021-02-05_07-12-18 [http-nio-8400-exec-6] INFO  c.c.a.service.JwtUserDetailsService - User found
2021-02-05_07-12-18 [http-nio-8400-exec-7] INFO  c.c.a.service.JwtUserDetailsService - User found
2021-02-05_07-12-18 [http-nio-8400-exec-8] INFO  c.c.a.service.JwtUserDetailsService - User found
2021-02-05_07-12-18 [http-nio-8400-exec-9] INFO  c.c.a.service.JwtUserDetailsService - User found
2021-02-05_07-12-18 [http-nio-8400-exec-10] INFO  c.c.a.service.JwtUserDetailsService - User found
2021-02-05_07-12-18 [http-nio-8400-exec-1] INFO  c.c.a.service.JwtUserDetailsService - User found
2021-02-05_07-12-18 [http-nio-8400-exec-2] INFO  c.c.a.service.JwtUserDetailsService - User found
2021-02-05_07-12-18 [http-nio-8400-exec-4] INFO  c.c.a.service.JwtUserDetailsService - User found
2021-02-05_07-12-18 [http-nio-8400-exec-3] INFO  c.c.a.service.JwtUserDetailsService - User found
2021-02-05_07-12-18 [http-nio-8400-exec-5] INFO  c.c.a.service.JwtUserDetailsService - User found
2021-02-05_07-12-18 [http-nio-8400-exec-6] INFO  c.c.a.service.JwtUserDetailsService - User found
2021-02-05_07-12-18 [http-nio-8400-exec-7] INFO  c.c.a.service.JwtUserDetailsService - User found
2021-02-05_07-12-18 [http-nio-8400-exec-8] INFO  c.c.a.service.JwtUserDetailsService - User found
2021-02-05_07-12-18 [http-nio-8400-exec-9] INFO  c.c.a.service.JwtUserDetailsService - User found
2021-02-05_07-12-18 [SpringContextShutdownHook] INFO  o.s.s.c.ThreadPoolTaskExecutor - Shutting down ExecutorService 'applicationTaskExecutor'
2021-02-05_07-12-18 [SpringContextShutdownHook] INFO  o.s.o.j.LocalContainerEntityManagerFactoryBean - Closing JPA EntityManagerFactory for persistence unit 'default'
2021-02-05_07-12-18 [SpringContextShutdownHook] INFO  o.h.t.s.i.SchemaDropperImpl$DelayedDropActionImpl - HHH000477: Starting delayed evictData of schema as part of SessionFactory shut-down'
2021-02-05_07-12-18 [SpringContextShutdownHook] INFO  com.zaxxer.hikari.HikariDataSource - HikariPool-1 - Shutdown initiated...
2021-02-05_07-12-18 [SpringContextShutdownHook] INFO  com.zaxxer.hikari.HikariDataSource - HikariPool-1 - Shutdown completed.
2021-02-05_17-20-29 [restartedMain] INFO  c.c.a.AuthorizatiionMicroserviceApplication - Starting AuthorizatiionMicroserviceApplication using Java 11.0.3 on PCIN512543 with PID 8088 (C:\Users\877998\Desktop\final\Authorizatiion-Microservice\target\classes started by 877998 in C:\Users\877998\Desktop\final\Authorizatiion-Microservice)
2021-02-05_17-20-29 [restartedMain] INFO  c.c.a.AuthorizatiionMicroserviceApplication - No active profile set, falling back to default profiles: default
2021-02-05_17-20-29 [restartedMain] INFO  o.s.b.d.e.DevToolsPropertyDefaultsPostProcessor - Devtools property defaults active! Set 'spring.devtools.add-properties' to 'false' to disable
2021-02-05_17-20-29 [restartedMain] INFO  o.s.b.d.e.DevToolsPropertyDefaultsPostProcessor - For additional web related logging consider setting the 'logging.level.web' property to 'DEBUG'
2021-02-05_17-20-29 [restartedMain] INFO  o.s.d.r.c.RepositoryConfigurationDelegate - Bootstrapping Spring Data JPA repositories in DEFAULT mode.
2021-02-05_17-20-29 [restartedMain] INFO  o.s.d.r.c.RepositoryConfigurationDelegate - Finished Spring Data repository scanning in 57 ms. Found 1 JPA repository interfaces.
2021-02-05_17-20-29 [restartedMain] INFO  o.s.cloud.context.scope.GenericScope - BeanFactory id=dadc5fcd-68cb-3f9e-b05a-00bb3cb6cb42
2021-02-05_17-20-29 [restartedMain] INFO  o.s.c.s.PostProcessorRegistrationDelegate$BeanPostProcessorChecker - Bean 'org.springframework.security.access.expression.method.DefaultMethodSecurityExpressionHandler@76472b85' of type [org.springframework.security.access.expression.method.DefaultMethodSecurityExpressionHandler] is not eligible for getting processed by all BeanPostProcessors (for example: not eligible for auto-proxying)
2021-02-05_17-20-29 [restartedMain] INFO  o.s.c.s.PostProcessorRegistrationDelegate$BeanPostProcessorChecker - Bean 'methodSecurityMetadataSource' of type [org.springframework.security.access.method.DelegatingMethodSecurityMetadataSource] is not eligible for getting processed by all BeanPostProcessors (for example: not eligible for auto-proxying)
2021-02-05_17-20-29 [restartedMain] INFO  o.s.b.w.e.tomcat.TomcatWebServer - Tomcat initialized with port(s): 8400 (http)
2021-02-05_17-20-29 [restartedMain] INFO  o.a.coyote.http11.Http11NioProtocol - Initializing ProtocolHandler ["http-nio-8400"]
2021-02-05_17-20-29 [restartedMain] INFO  o.a.catalina.core.StandardService - Starting service [Tomcat]
2021-02-05_17-20-29 [restartedMain] INFO  o.a.catalina.core.StandardEngine - Starting Servlet engine: [Apache Tomcat/9.0.41]
2021-02-05_17-20-29 [restartedMain] INFO  o.a.c.c.C.[Tomcat].[localhost].[/] - Initializing Spring embedded WebApplicationContext
2021-02-05_17-20-29 [restartedMain] INFO  o.s.b.w.s.c.ServletWebServerApplicationContext - Root WebApplicationContext: initialization completed in 2821 ms
2021-02-05_17-20-29 [restartedMain] INFO  com.zaxxer.hikari.HikariDataSource - HikariPool-1 - Starting...
2021-02-05_17-20-29 [restartedMain] INFO  com.zaxxer.hikari.HikariDataSource - HikariPool-1 - Start completed.
2021-02-05_17-20-29 [restartedMain] INFO  o.s.b.a.h.H2ConsoleAutoConfiguration - H2 console available at '/db'. Database available at 'jdbc:h2:mem:testdb'
2021-02-05_17-20-29 [restartedMain] INFO  o.h.jpa.internal.util.LogHelper - HHH000204: Processing PersistenceUnitInfo [name: default]
2021-02-05_17-20-29 [restartedMain] INFO  org.hibernate.Version - HHH000412: Hibernate ORM core version 5.4.27.Final
2021-02-05_17-20-29 [restartedMain] INFO  o.h.annotations.common.Version - HCANN000001: Hibernate Commons Annotations {5.1.2.Final}
2021-02-05_17-20-29 [restartedMain] INFO  org.hibernate.dialect.Dialect - HHH000400: Using dialect: org.hibernate.dialect.H2Dialect
2021-02-05_17-20-29 [restartedMain] INFO  o.h.e.t.j.p.i.JtaPlatformInitiator - HHH000490: Using JtaPlatform implementation: [org.hibernate.engine.transaction.jta.platform.internal.NoJtaPlatform]
2021-02-05_17-20-29 [restartedMain] INFO  o.s.o.j.LocalContainerEntityManagerFactoryBean - Initialized JPA EntityManagerFactory for persistence unit 'default'
2021-02-05_17-20-29 [restartedMain] INFO  o.s.b.d.a.OptionalLiveReloadServer - LiveReload server is running on port 35729
2021-02-05_17-20-29 [restartedMain] INFO  s.d.s.w.PropertySourcedRequestMappingHandlerMapping - Mapped URL path [/v2/api-docs] onto method [springfox.documentation.swagger2.web.Swagger2Controller#getDocumentation(String, HttpServletRequest)]
2021-02-05_17-20-29 [restartedMain] INFO  o.s.s.web.DefaultSecurityFilterChain - Will secure any request with [org.springframework.security.web.context.request.async.WebAsyncManagerIntegrationFilter@5fa775b3, org.springframework.security.web.context.SecurityContextPersistenceFilter@4038771f, org.springframework.security.web.header.HeaderWriterFilter@39c7ce24, org.springframework.security.web.authentication.logout.LogoutFilter@3c864e6, com.cts.authorization.config.JwtRequestFilter@43a7fda4, org.springframework.security.web.savedrequest.RequestCacheAwareFilter@180bf15a, org.springframework.security.web.servletapi.SecurityContextHolderAwareRequestFilter@7a91e9d7, org.springframework.security.web.authentication.AnonymousAuthenticationFilter@6211552, org.springframework.security.web.session.SessionManagementFilter@6d4d8793, org.springframework.security.web.access.ExceptionTranslationFilter@301be9e1, org.springframework.security.web.access.intercept.FilterSecurityInterceptor@212e8e7e]
2021-02-05_17-20-29 [restartedMain] INFO  o.s.s.c.ThreadPoolTaskExecutor - Initializing ExecutorService 'applicationTaskExecutor'
2021-02-05_17-20-29 [restartedMain] INFO  o.a.coyote.http11.Http11NioProtocol - Starting ProtocolHandler ["http-nio-8400"]
2021-02-05_17-20-29 [restartedMain] INFO  o.s.b.w.e.tomcat.TomcatWebServer - Tomcat started on port(s): 8400 (http) with context path ''
2021-02-05_17-20-29 [restartedMain] INFO  s.d.s.w.p.DocumentationPluginsBootstrapper - Context refreshed
2021-02-05_17-20-29 [restartedMain] INFO  s.d.s.w.p.DocumentationPluginsBootstrapper - Found 1 custom documentation plugin(s)
2021-02-05_17-20-29 [restartedMain] INFO  s.d.s.w.s.ApiListingReferenceScanner - Scanning for api listing references
2021-02-05_17-20-29 [restartedMain] INFO  c.c.a.AuthorizatiionMicroserviceApplication - Started AuthorizatiionMicroserviceApplication in 8.447 seconds (JVM running for 9.344)
2021-02-05_18-24-58 [restartedMain] INFO  c.c.a.AuthorizatiionMicroserviceApplication - Starting AuthorizatiionMicroserviceApplication using Java 11.0.3 on PCIN512543 with PID 16320 (C:\Users\877998\Desktop\final\Authorizatiion-Microservice\target\classes started by 877998 in C:\Users\877998\Desktop\final\Authorizatiion-Microservice)
2021-02-05_18-24-58 [restartedMain] INFO  c.c.a.AuthorizatiionMicroserviceApplication - No active profile set, falling back to default profiles: default
2021-02-05_18-24-58 [restartedMain] INFO  o.s.b.d.e.DevToolsPropertyDefaultsPostProcessor - Devtools property defaults active! Set 'spring.devtools.add-properties' to 'false' to disable
2021-02-05_18-24-58 [restartedMain] INFO  o.s.b.d.e.DevToolsPropertyDefaultsPostProcessor - For additional web related logging consider setting the 'logging.level.web' property to 'DEBUG'
2021-02-05_18-24-58 [restartedMain] INFO  o.s.d.r.c.RepositoryConfigurationDelegate - Bootstrapping Spring Data JPA repositories in DEFAULT mode.
2021-02-05_18-24-58 [restartedMain] INFO  o.s.d.r.c.RepositoryConfigurationDelegate - Finished Spring Data repository scanning in 224 ms. Found 1 JPA repository interfaces.
2021-02-05_18-24-58 [restartedMain] INFO  o.s.cloud.context.scope.GenericScope - BeanFactory id=3002c59b-4715-34d4-9e9c-2794c5dacf12
2021-02-05_18-24-58 [restartedMain] INFO  o.s.c.s.PostProcessorRegistrationDelegate$BeanPostProcessorChecker - Bean 'org.springframework.security.access.expression.method.DefaultMethodSecurityExpressionHandler@474914e1' of type [org.springframework.security.access.expression.method.DefaultMethodSecurityExpressionHandler] is not eligible for getting processed by all BeanPostProcessors (for example: not eligible for auto-proxying)
2021-02-05_18-24-58 [restartedMain] INFO  o.s.c.s.PostProcessorRegistrationDelegate$BeanPostProcessorChecker - Bean 'methodSecurityMetadataSource' of type [org.springframework.security.access.method.DelegatingMethodSecurityMetadataSource] is not eligible for getting processed by all BeanPostProcessors (for example: not eligible for auto-proxying)
2021-02-05_18-24-58 [restartedMain] INFO  o.s.b.w.e.tomcat.TomcatWebServer - Tomcat initialized with port(s): 8400 (http)
2021-02-05_18-24-58 [restartedMain] INFO  o.a.coyote.http11.Http11NioProtocol - Initializing ProtocolHandler ["http-nio-8400"]
2021-02-05_18-24-58 [restartedMain] INFO  o.a.catalina.core.StandardService - Starting service [Tomcat]
2021-02-05_18-24-58 [restartedMain] INFO  o.a.catalina.core.StandardEngine - Starting Servlet engine: [Apache Tomcat/9.0.41]
2021-02-05_18-24-58 [restartedMain] INFO  o.a.c.c.C.[Tomcat].[localhost].[/] - Initializing Spring embedded WebApplicationContext
2021-02-05_18-24-58 [restartedMain] INFO  o.s.b.w.s.c.ServletWebServerApplicationContext - Root WebApplicationContext: initialization completed in 4631 ms
2021-02-05_18-24-58 [restartedMain] INFO  com.zaxxer.hikari.HikariDataSource - HikariPool-1 - Starting...
2021-02-05_18-24-58 [restartedMain] INFO  com.zaxxer.hikari.HikariDataSource - HikariPool-1 - Start completed.
2021-02-05_18-24-58 [restartedMain] INFO  o.s.b.a.h.H2ConsoleAutoConfiguration - H2 console available at '/db'. Database available at 'jdbc:h2:mem:testdb'
2021-02-05_18-24-58 [restartedMain] INFO  o.h.jpa.internal.util.LogHelper - HHH000204: Processing PersistenceUnitInfo [name: default]
2021-02-05_18-24-58 [restartedMain] INFO  org.hibernate.Version - HHH000412: Hibernate ORM core version 5.4.27.Final
2021-02-05_18-24-58 [restartedMain] INFO  o.h.annotations.common.Version - HCANN000001: Hibernate Commons Annotations {5.1.2.Final}
2021-02-05_18-24-58 [restartedMain] INFO  org.hibernate.dialect.Dialect - HHH000400: Using dialect: org.hibernate.dialect.H2Dialect
2021-02-05_18-24-58 [restartedMain] INFO  o.h.e.t.j.p.i.JtaPlatformInitiator - HHH000490: Using JtaPlatform implementation: [org.hibernate.engine.transaction.jta.platform.internal.NoJtaPlatform]
2021-02-05_18-24-58 [restartedMain] INFO  o.s.o.j.LocalContainerEntityManagerFactoryBean - Initialized JPA EntityManagerFactory for persistence unit 'default'
2021-02-05_18-24-58 [restartedMain] INFO  o.s.b.d.a.OptionalLiveReloadServer - LiveReload server is running on port 35729
2021-02-05_18-24-58 [restartedMain] INFO  s.d.s.w.PropertySourcedRequestMappingHandlerMapping - Mapped URL path [/v2/api-docs] onto method [springfox.documentation.swagger2.web.Swagger2Controller#getDocumentation(String, HttpServletRequest)]
2021-02-05_18-24-58 [restartedMain] INFO  o.s.s.web.DefaultSecurityFilterChain - Will secure any request with [org.springframework.security.web.context.request.async.WebAsyncManagerIntegrationFilter@3f4779b7, org.springframework.security.web.context.SecurityContextPersistenceFilter@53886d8a, org.springframework.security.web.header.HeaderWriterFilter@4ced2a8d, org.springframework.security.web.authentication.logout.LogoutFilter@2ea43266, com.cts.authorization.config.JwtRequestFilter@58f4faa7, org.springframework.security.web.savedrequest.RequestCacheAwareFilter@796b21f5, org.springframework.security.web.servletapi.SecurityContextHolderAwareRequestFilter@474eab4b, org.springframework.security.web.authentication.AnonymousAuthenticationFilter@6b7bb3c2, org.springframework.security.web.session.SessionManagementFilter@ef37362, org.springframework.security.web.access.ExceptionTranslationFilter@238d0acb, org.springframework.security.web.access.intercept.FilterSecurityInterceptor@2068bc08]
2021-02-05_18-24-58 [restartedMain] INFO  o.s.s.c.ThreadPoolTaskExecutor - Initializing ExecutorService 'applicationTaskExecutor'
2021-02-05_18-24-58 [restartedMain] INFO  o.a.coyote.http11.Http11NioProtocol - Starting ProtocolHandler ["http-nio-8400"]
2021-02-05_18-24-58 [restartedMain] INFO  o.s.b.w.e.tomcat.TomcatWebServer - Tomcat started on port(s): 8400 (http) with context path ''
2021-02-05_18-24-58 [restartedMain] INFO  s.d.s.w.p.DocumentationPluginsBootstrapper - Context refreshed
2021-02-05_18-24-58 [restartedMain] INFO  s.d.s.w.p.DocumentationPluginsBootstrapper - Found 1 custom documentation plugin(s)
2021-02-05_18-24-58 [restartedMain] INFO  s.d.s.w.s.ApiListingReferenceScanner - Scanning for api listing references
2021-02-05_18-24-58 [restartedMain] INFO  c.c.a.AuthorizatiionMicroserviceApplication - Started AuthorizatiionMicroserviceApplication in 13.231 seconds (JVM running for 15.885)
2021-02-05_18-24-58 [RMI TCP Connection(11)-127.0.0.1] INFO  o.s.b.a.SpringApplicationAdminMXBeanRegistrar$SpringApplicationAdmin - Application shutdown requested.
2021-02-05_18-24-58 [RMI TCP Connection(11)-127.0.0.1] INFO  o.s.s.c.ThreadPoolTaskExecutor - Shutting down ExecutorService 'applicationTaskExecutor'
2021-02-05_18-24-58 [RMI TCP Connection(11)-127.0.0.1] INFO  o.s.o.j.LocalContainerEntityManagerFactoryBean - Closing JPA EntityManagerFactory for persistence unit 'default'
2021-02-05_18-24-58 [RMI TCP Connection(11)-127.0.0.1] INFO  o.h.t.s.i.SchemaDropperImpl$DelayedDropActionImpl - HHH000477: Starting delayed evictData of schema as part of SessionFactory shut-down'
2021-02-05_20-55-21 [restartedMain] INFO  c.c.a.AuthorizatiionMicroserviceApplication - Starting AuthorizatiionMicroserviceApplication using Java 11.0.3 on PCIN512543 with PID 13564 (C:\Users\877998\Desktop\final\Authorizatiion-Microservice\target\classes started by 877998 in C:\Users\877998\Desktop\final\Authorizatiion-Microservice)
2021-02-05_20-55-21 [restartedMain] INFO  c.c.a.AuthorizatiionMicroserviceApplication - No active profile set, falling back to default profiles: default
2021-02-05_20-55-21 [restartedMain] INFO  c.c.a.AuthorizatiionMicroserviceApplication - Starting AuthorizatiionMicroserviceApplication using Java 11.0.3 on PCIN512543 with PID 9396 (C:\Users\877998\Desktop\final\Authorizatiion-Microservice\target\classes started by 877998 in C:\Users\877998\Desktop\final\Authorizatiion-Microservice)
2021-02-05_20-55-21 [restartedMain] INFO  c.c.a.AuthorizatiionMicroserviceApplication - No active profile set, falling back to default profiles: default
2021-02-05_20-55-21 [restartedMain] INFO  o.s.b.d.e.DevToolsPropertyDefaultsPostProcessor - Devtools property defaults active! Set 'spring.devtools.add-properties' to 'false' to disable
2021-02-05_20-55-21 [restartedMain] INFO  o.s.b.d.e.DevToolsPropertyDefaultsPostProcessor - For additional web related logging consider setting the 'logging.level.web' property to 'DEBUG'
2021-02-05_20-55-21 [restartedMain] INFO  o.s.b.d.e.DevToolsPropertyDefaultsPostProcessor - Devtools property defaults active! Set 'spring.devtools.add-properties' to 'false' to disable
2021-02-05_20-55-21 [restartedMain] INFO  o.s.b.d.e.DevToolsPropertyDefaultsPostProcessor - For additional web related logging consider setting the 'logging.level.web' property to 'DEBUG'
2021-02-05_20-55-21 [restartedMain] INFO  o.s.d.r.c.RepositoryConfigurationDelegate - Bootstrapping Spring Data JPA repositories in DEFAULT mode.
2021-02-05_20-55-21 [restartedMain] INFO  o.s.d.r.c.RepositoryConfigurationDelegate - Bootstrapping Spring Data JPA repositories in DEFAULT mode.
2021-02-05_20-55-21 [restartedMain] INFO  o.s.d.r.c.RepositoryConfigurationDelegate - Finished Spring Data repository scanning in 96 ms. Found 1 JPA repository interfaces.
2021-02-05_20-55-21 [restartedMain] INFO  o.s.d.r.c.RepositoryConfigurationDelegate - Finished Spring Data repository scanning in 119 ms. Found 1 JPA repository interfaces.
2021-02-05_20-55-21 [restartedMain] INFO  o.s.cloud.context.scope.GenericScope - BeanFactory id=3002c59b-4715-34d4-9e9c-2794c5dacf12
2021-02-05_20-55-21 [restartedMain] INFO  o.s.cloud.context.scope.GenericScope - BeanFactory id=3002c59b-4715-34d4-9e9c-2794c5dacf12
2021-02-05_20-55-21 [restartedMain] INFO  o.s.c.s.PostProcessorRegistrationDelegate$BeanPostProcessorChecker - Bean 'org.springframework.security.access.expression.method.DefaultMethodSecurityExpressionHandler@256865df' of type [org.springframework.security.access.expression.method.DefaultMethodSecurityExpressionHandler] is not eligible for getting processed by all BeanPostProcessors (for example: not eligible for auto-proxying)
2021-02-05_20-55-21 [restartedMain] INFO  o.s.c.s.PostProcessorRegistrationDelegate$BeanPostProcessorChecker - Bean 'org.springframework.security.access.expression.method.DefaultMethodSecurityExpressionHandler@5e441742' of type [org.springframework.security.access.expression.method.DefaultMethodSecurityExpressionHandler] is not eligible for getting processed by all BeanPostProcessors (for example: not eligible for auto-proxying)
2021-02-05_20-55-21 [restartedMain] INFO  o.s.c.s.PostProcessorRegistrationDelegate$BeanPostProcessorChecker - Bean 'methodSecurityMetadataSource' of type [org.springframework.security.access.method.DelegatingMethodSecurityMetadataSource] is not eligible for getting processed by all BeanPostProcessors (for example: not eligible for auto-proxying)
2021-02-05_20-55-21 [restartedMain] INFO  o.s.c.s.PostProcessorRegistrationDelegate$BeanPostProcessorChecker - Bean 'methodSecurityMetadataSource' of type [org.springframework.security.access.method.DelegatingMethodSecurityMetadataSource] is not eligible for getting processed by all BeanPostProcessors (for example: not eligible for auto-proxying)
2021-02-05_20-55-21 [restartedMain] INFO  o.s.b.w.e.tomcat.TomcatWebServer - Tomcat initialized with port(s): 8400 (http)
2021-02-05_20-55-21 [restartedMain] INFO  o.a.coyote.http11.Http11NioProtocol - Initializing ProtocolHandler ["http-nio-8400"]
2021-02-05_20-55-21 [restartedMain] INFO  o.a.catalina.core.StandardService - Starting service [Tomcat]
2021-02-05_20-55-21 [restartedMain] INFO  o.a.catalina.core.StandardEngine - Starting Servlet engine: [Apache Tomcat/9.0.41]
2021-02-05_20-55-21 [restartedMain] INFO  o.s.b.w.e.tomcat.TomcatWebServer - Tomcat initialized with port(s): 8400 (http)
2021-02-05_20-55-21 [restartedMain] INFO  o.a.coyote.http11.Http11NioProtocol - Initializing ProtocolHandler ["http-nio-8400"]
2021-02-05_20-55-21 [restartedMain] INFO  o.a.catalina.core.StandardService - Starting service [Tomcat]
2021-02-05_20-55-21 [restartedMain] INFO  o.a.catalina.core.StandardEngine - Starting Servlet engine: [Apache Tomcat/9.0.41]
2021-02-05_20-55-21 [restartedMain] INFO  o.a.c.c.C.[Tomcat].[localhost].[/] - Initializing Spring embedded WebApplicationContext
2021-02-05_20-55-21 [restartedMain] INFO  o.s.b.w.s.c.ServletWebServerApplicationContext - Root WebApplicationContext: initialization completed in 3939 ms
2021-02-05_20-55-21 [restartedMain] INFO  o.a.c.c.C.[Tomcat].[localhost].[/] - Initializing Spring embedded WebApplicationContext
2021-02-05_20-55-21 [restartedMain] INFO  o.s.b.w.s.c.ServletWebServerApplicationContext - Root WebApplicationContext: initialization completed in 3984 ms
2021-02-05_20-55-21 [restartedMain] INFO  com.zaxxer.hikari.HikariDataSource - HikariPool-1 - Starting...
2021-02-05_20-55-21 [restartedMain] INFO  com.zaxxer.hikari.HikariDataSource - HikariPool-1 - Starting...
2021-02-05_20-55-21 [restartedMain] INFO  com.zaxxer.hikari.HikariDataSource - HikariPool-1 - Start completed.
2021-02-05_20-55-21 [restartedMain] INFO  com.zaxxer.hikari.HikariDataSource - HikariPool-1 - Start completed.
2021-02-05_20-55-21 [restartedMain] INFO  o.s.b.a.h.H2ConsoleAutoConfiguration - H2 console available at '/db'. Database available at 'jdbc:h2:mem:testdb'
2021-02-05_20-55-21 [restartedMain] INFO  o.s.b.a.h.H2ConsoleAutoConfiguration - H2 console available at '/db'. Database available at 'jdbc:h2:mem:testdb'
2021-02-05_20-55-21 [restartedMain] INFO  o.h.jpa.internal.util.LogHelper - HHH000204: Processing PersistenceUnitInfo [name: default]
2021-02-05_20-55-21 [restartedMain] INFO  o.h.jpa.internal.util.LogHelper - HHH000204: Processing PersistenceUnitInfo [name: default]
2021-02-05_20-55-21 [restartedMain] INFO  org.hibernate.Version - HHH000412: Hibernate ORM core version 5.4.27.Final
2021-02-05_20-55-21 [restartedMain] INFO  org.hibernate.Version - HHH000412: Hibernate ORM core version 5.4.27.Final
2021-02-05_20-55-21 [restartedMain] INFO  o.h.annotations.common.Version - HCANN000001: Hibernate Commons Annotations {5.1.2.Final}
2021-02-05_20-55-21 [restartedMain] INFO  o.h.annotations.common.Version - HCANN000001: Hibernate Commons Annotations {5.1.2.Final}
2021-02-05_20-55-21 [restartedMain] INFO  org.hibernate.dialect.Dialect - HHH000400: Using dialect: org.hibernate.dialect.H2Dialect
2021-02-05_20-55-21 [restartedMain] INFO  org.hibernate.dialect.Dialect - HHH000400: Using dialect: org.hibernate.dialect.H2Dialect
2021-02-05_20-55-21 [restartedMain] INFO  o.h.e.t.j.p.i.JtaPlatformInitiator - HHH000490: Using JtaPlatform implementation: [org.hibernate.engine.transaction.jta.platform.internal.NoJtaPlatform]
2021-02-05_20-55-21 [restartedMain] INFO  o.s.o.j.LocalContainerEntityManagerFactoryBean - Initialized JPA EntityManagerFactory for persistence unit 'default'
2021-02-05_20-55-21 [restartedMain] INFO  o.s.b.d.a.OptionalLiveReloadServer - LiveReload server is running on port 35729
2021-02-05_20-55-21 [restartedMain] INFO  s.d.s.w.PropertySourcedRequestMappingHandlerMapping - Mapped URL path [/v2/api-docs] onto method [springfox.documentation.swagger2.web.Swagger2Controller#getDocumentation(String, HttpServletRequest)]
2021-02-05_20-55-21 [restartedMain] INFO  o.s.s.web.DefaultSecurityFilterChain - Will secure any request with [org.springframework.security.web.context.request.async.WebAsyncManagerIntegrationFilter@3172e1ff, org.springframework.security.web.context.SecurityContextPersistenceFilter@272cc9be, org.springframework.security.web.header.HeaderWriterFilter@7918be5b, org.springframework.security.web.authentication.logout.LogoutFilter@1862caf5, com.cts.authorization.config.JwtRequestFilter@3cc9efb5, org.springframework.security.web.savedrequest.RequestCacheAwareFilter@646dcdbf, org.springframework.security.web.servletapi.SecurityContextHolderAwareRequestFilter@7f2360c0, org.springframework.security.web.authentication.AnonymousAuthenticationFilter@6bc0954e, org.springframework.security.web.session.SessionManagementFilter@2e9e9b18, org.springframework.security.web.access.ExceptionTranslationFilter@7e6d716f, org.springframework.security.web.access.intercept.FilterSecurityInterceptor@7d68ab50]
2021-02-05_20-55-21 [restartedMain] INFO  o.s.s.c.ThreadPoolTaskExecutor - Initializing ExecutorService 'applicationTaskExecutor'
2021-02-05_20-55-21 [restartedMain] INFO  o.a.coyote.http11.Http11NioProtocol - Starting ProtocolHandler ["http-nio-8400"]
2021-02-05_20-55-21 [restartedMain] INFO  o.s.b.w.e.tomcat.TomcatWebServer - Tomcat started on port(s): 8400 (http) with context path ''
2021-02-05_20-55-21 [restartedMain] INFO  s.d.s.w.p.DocumentationPluginsBootstrapper - Context refreshed
2021-02-05_20-55-21 [restartedMain] INFO  s.d.s.w.p.DocumentationPluginsBootstrapper - Found 1 custom documentation plugin(s)
2021-02-05_20-55-21 [restartedMain] INFO  s.d.s.w.s.ApiListingReferenceScanner - Scanning for api listing references
2021-02-05_20-55-21 [restartedMain] INFO  c.c.a.AuthorizatiionMicroserviceApplication - Started AuthorizatiionMicroserviceApplication in 10.328 seconds (JVM running for 13.451)
2021-02-05_20-55-21 [http-nio-8400-exec-2] INFO  o.a.c.c.C.[Tomcat].[localhost].[/] - Initializing Spring DispatcherServlet 'dispatcherServlet'
2021-02-05_20-55-21 [http-nio-8400-exec-2] INFO  o.s.web.servlet.DispatcherServlet - Initializing Servlet 'dispatcherServlet'
2021-02-05_20-55-21 [http-nio-8400-exec-2] INFO  o.s.web.servlet.DispatcherServlet - Completed initialization in 2 ms
2021-02-05_20-55-21 [http-nio-8400-exec-2] INFO  c.c.a.service.JwtUserDetailsService - User found
2021-02-05_20-55-21 [http-nio-8400-exec-2] INFO  c.c.a.service.JwtUserDetailsService - User found
2021-02-05_20-55-21 [http-nio-8400-exec-1] INFO  c.c.a.service.JwtUserDetailsService - User found
2021-02-05_20-55-21 [http-nio-8400-exec-3] INFO  c.c.a.service.JwtUserDetailsService - User found
2021-02-05_20-55-21 [http-nio-8400-exec-4] INFO  c.c.a.service.JwtUserDetailsService - User found
2021-02-05_20-55-21 [http-nio-8400-exec-6] INFO  c.c.a.service.JwtUserDetailsService - User found
2021-02-05_20-55-21 [http-nio-8400-exec-5] INFO  c.c.a.service.JwtUserDetailsService - User found
2021-02-05_20-55-21 [http-nio-8400-exec-7] INFO  c.c.a.service.JwtUserDetailsService - User found
2021-02-05_20-55-21 [http-nio-8400-exec-9] INFO  c.c.a.service.JwtUserDetailsService - User found
2021-02-05_20-55-21 [http-nio-8400-exec-8] INFO  c.c.a.service.JwtUserDetailsService - User found
2021-02-05_20-55-21 [http-nio-8400-exec-10] INFO  c.c.a.service.JwtUserDetailsService - User found
2021-02-05_20-55-21 [http-nio-8400-exec-2] INFO  c.c.a.service.JwtUserDetailsService - User found
2021-02-05_20-55-21 [http-nio-8400-exec-1] INFO  c.c.a.service.JwtUserDetailsService - User found
2021-02-05_20-55-21 [http-nio-8400-exec-3] INFO  c.c.a.service.JwtUserDetailsService - User found
2021-02-05_20-55-21 [RMI TCP Connection(18)-127.0.0.1] INFO  o.s.b.a.SpringApplicationAdminMXBeanRegistrar$SpringApplicationAdmin - Application shutdown requested.
2021-02-05_20-55-21 [RMI TCP Connection(18)-127.0.0.1] INFO  o.s.s.c.ThreadPoolTaskExecutor - Shutting down ExecutorService 'applicationTaskExecutor'
2021-02-05_20-55-21 [RMI TCP Connection(18)-127.0.0.1] INFO  o.s.o.j.LocalContainerEntityManagerFactoryBean - Closing JPA EntityManagerFactory for persistence unit 'default'
2021-02-05_20-55-21 [RMI TCP Connection(18)-127.0.0.1] INFO  o.h.t.s.i.SchemaDropperImpl$DelayedDropActionImpl - HHH000477: Starting delayed evictData of schema as part of SessionFactory shut-down'
