2021-08-04_18-47-03 [restartedMain] INFO  c.c.a.AuthorizatiionMicroserviceApplication - Starting AuthorizatiionMicroserviceApplication using Java 16.0.1 on LAPTOP-8FRVNDL1 with PID 7404 (D:\Development\myMFPE\MFPE-authorizatiion\target\classes started by shyam in D:\Development\myMFPE\MFPE-authorizatiion)
2021-08-04_18-47-03 [restartedMain] INFO  c.c.a.AuthorizatiionMicroserviceApplication - No active profile set, falling back to default profiles: default
2021-08-04_18-47-03 [restartedMain] INFO  o.s.b.d.e.DevToolsPropertyDefaultsPostProcessor - Devtools property defaults active! Set 'spring.devtools.add-properties' to 'false' to disable
2021-08-04_18-47-03 [restartedMain] INFO  o.s.b.d.e.DevToolsPropertyDefaultsPostProcessor - For additional web related logging consider setting the 'logging.level.web' property to 'DEBUG'
2021-08-04_18-47-03 [restartedMain] INFO  o.s.d.r.c.RepositoryConfigurationDelegate - Bootstrapping Spring Data JPA repositories in DEFAULT mode.
2021-08-04_18-47-03 [restartedMain] INFO  o.s.d.r.c.RepositoryConfigurationDelegate - Finished Spring Data repository scanning in 134 ms. Found 1 JPA repository interfaces.
2021-08-04_18-47-03 [restartedMain] INFO  o.s.cloud.context.scope.GenericScope - BeanFactory id=edea1387-1a2d-33de-8525-4ed44fa6e3e5
2021-08-04_18-47-03 [restartedMain] INFO  o.s.b.w.e.tomcat.TomcatWebServer - Tomcat initialized with port(s): 8400 (http)
2021-08-04_18-47-03 [restartedMain] INFO  o.a.coyote.http11.Http11NioProtocol - Initializing ProtocolHandler ["http-nio-8400"]
2021-08-04_18-47-03 [restartedMain] INFO  o.a.catalina.core.StandardService - Starting service [Tomcat]
2021-08-04_18-47-03 [restartedMain] INFO  o.a.catalina.core.StandardEngine - Starting Servlet engine: [Apache Tomcat/9.0.41]
2021-08-04_18-47-03 [restartedMain] INFO  o.a.c.c.C.[.[localhost].[/auth] - Initializing Spring embedded WebApplicationContext
2021-08-04_18-47-03 [restartedMain] INFO  o.s.b.w.s.c.ServletWebServerApplicationContext - Root WebApplicationContext: initialization completed in 5190 ms
2021-08-04_18-47-03 [restartedMain] INFO  com.zaxxer.hikari.HikariDataSource - HikariPool-1 - Starting...
2021-08-04_18-47-03 [restartedMain] INFO  com.zaxxer.hikari.HikariDataSource - HikariPool-1 - Start completed.
2021-08-04_18-47-03 [restartedMain] INFO  o.s.b.a.h.H2ConsoleAutoConfiguration - H2 console available at '/db'. Database available at 'jdbc:h2:mem:testdb'
2021-08-04_18-47-03 [restartedMain] INFO  o.h.jpa.internal.util.LogHelper - HHH000204: Processing PersistenceUnitInfo [name: default]
2021-08-04_18-47-03 [restartedMain] INFO  org.hibernate.Version - HHH000412: Hibernate ORM core version 5.4.27.Final
2021-08-04_18-47-03 [restartedMain] INFO  o.h.annotations.common.Version - HCANN000001: Hibernate Commons Annotations {5.1.2.Final}
2021-08-04_18-47-03 [restartedMain] INFO  org.hibernate.dialect.Dialect - HHH000400: Using dialect: org.hibernate.dialect.H2Dialect
2021-08-04_18-47-03 [restartedMain] INFO  o.h.e.t.j.p.i.JtaPlatformInitiator - HHH000490: Using JtaPlatform implementation: [org.hibernate.engine.transaction.jta.platform.internal.NoJtaPlatform]
2021-08-04_18-47-03 [restartedMain] INFO  o.s.o.j.LocalContainerEntityManagerFactoryBean - Initialized JPA EntityManagerFactory for persistence unit 'default'
2021-08-04_18-47-03 [restartedMain] INFO  s.d.s.w.PropertySourcedRequestMappingHandlerMapping - Mapped URL path [/v2/api-docs] onto method [springfox.documentation.swagger2.web.Swagger2Controller#getDocumentation(String, HttpServletRequest)]
2021-08-04_18-47-03 [restartedMain] INFO  o.s.s.web.DefaultSecurityFilterChain - Will secure any request with [org.springframework.security.web.context.request.async.WebAsyncManagerIntegrationFilter@513636af, org.springframework.security.web.context.SecurityContextPersistenceFilter@1b5514a2, org.springframework.security.web.header.HeaderWriterFilter@15847fa5, org.springframework.security.web.authentication.logout.LogoutFilter@577dad1f, com.cts.authorization.config.JwtRequestFilter@788bd933, org.springframework.security.web.savedrequest.RequestCacheAwareFilter@5c7a748c, org.springframework.security.web.servletapi.SecurityContextHolderAwareRequestFilter@69b4cb01, org.springframework.security.web.authentication.AnonymousAuthenticationFilter@1764d908, org.springframework.security.web.session.SessionManagementFilter@12695814, org.springframework.security.web.access.ExceptionTranslationFilter@39760192, org.springframework.security.web.access.intercept.FilterSecurityInterceptor@568caacf]
2021-08-04_18-47-03 [restartedMain] INFO  o.s.s.c.ThreadPoolTaskExecutor - Initializing ExecutorService 'applicationTaskExecutor'
2021-08-04_18-47-03 [restartedMain] INFO  o.a.coyote.http11.Http11NioProtocol - Starting ProtocolHandler ["http-nio-8400"]
2021-08-04_18-47-03 [restartedMain] INFO  o.s.b.w.e.tomcat.TomcatWebServer - Tomcat started on port(s): 8400 (http) with context path '/auth'
2021-08-04_18-47-03 [restartedMain] INFO  s.d.s.w.p.DocumentationPluginsBootstrapper - Context refreshed
2021-08-04_18-47-03 [restartedMain] INFO  s.d.s.w.p.DocumentationPluginsBootstrapper - Found 1 custom documentation plugin(s)
2021-08-04_18-47-03 [restartedMain] INFO  s.d.s.w.s.ApiListingReferenceScanner - Scanning for api listing references
2021-08-04_18-47-03 [restartedMain] INFO  c.c.a.AuthorizatiionMicroserviceApplication - Started AuthorizatiionMicroserviceApplication in 15.543 seconds (JVM running for 18.442)
2021-08-04_18-47-03 [http-nio-8400-exec-2] INFO  o.a.c.c.C.[.[localhost].[/auth] - Initializing Spring DispatcherServlet 'dispatcherServlet'
2021-08-04_18-47-03 [http-nio-8400-exec-2] INFO  o.s.web.servlet.DispatcherServlet - Initializing Servlet 'dispatcherServlet'
2021-08-04_18-47-03 [http-nio-8400-exec-2] INFO  o.s.web.servlet.DispatcherServlet - Completed initialization in 2 ms
2021-08-04_18-47-03 [http-nio-8400-exec-2] INFO  c.c.a.service.JwtUserDetailsService - User found
2021-08-04_18-47-03 [http-nio-8400-exec-2] INFO  c.c.a.service.JwtUserDetailsService - user successfully located
2021-08-04_18-47-03 [http-nio-8400-exec-2] INFO  c.c.a.service.JwtUserDetailsService - User found
2021-08-04_18-47-03 [http-nio-8400-exec-2] INFO  c.c.a.service.JwtUserDetailsService - user successfully located
2021-08-04_18-47-03 [http-nio-8400-exec-4] INFO  c.c.a.service.JwtUserDetailsService - User found
2021-08-04_18-47-03 [http-nio-8400-exec-4] INFO  c.c.a.service.JwtUserDetailsService - user successfully located
2021-08-04_18-47-03 [RMI TCP Connection(10)-127.0.0.1] INFO  o.s.b.a.SpringApplicationAdminMXBeanRegistrar$SpringApplicationAdmin - Application shutdown requested.
2021-08-04_18-47-03 [RMI TCP Connection(10)-127.0.0.1] INFO  o.s.s.c.ThreadPoolTaskExecutor - Shutting down ExecutorService 'applicationTaskExecutor'
2021-08-04_18-47-03 [RMI TCP Connection(10)-127.0.0.1] INFO  o.s.o.j.LocalContainerEntityManagerFactoryBean - Closing JPA EntityManagerFactory for persistence unit 'default'
2021-08-04_18-47-03 [RMI TCP Connection(10)-127.0.0.1] INFO  o.h.t.s.i.SchemaDropperImpl$DelayedDropActionImpl - HHH000477: Starting delayed evictData of schema as part of SessionFactory shut-down'
2021-08-04_18-47-03 [RMI TCP Connection(10)-127.0.0.1] INFO  com.zaxxer.hikari.HikariDataSource - HikariPool-1 - Shutdown initiated...
2021-08-04_18-47-03 [RMI TCP Connection(10)-127.0.0.1] INFO  com.zaxxer.hikari.HikariDataSource - HikariPool-1 - Shutdown completed.
